0 info it worked if it ends with ok
1 verbose cli [ '/usr/local/bin/node',
1 verbose cli   '/usr/local/bin/npm',
1 verbose cli   'install',
1 verbose cli   'child_process',
1 verbose cli   '--save' ]
2 info using npm@2.14.4
3 info using node@v4.1.1
4 verbose install initial load of /Users/iszfan/Desktop/nodeHackRice/package.json
5 warn package.json nodehackrice@1.0.0 No description
6 warn package.json nodehackrice@1.0.0 No repository field.
7 warn package.json nodehackrice@1.0.0 No README data
8 verbose installManyTop reading scoped package data from /Users/iszfan/Desktop/nodeHackRice/node_modules/aws-sdk/package.json
9 verbose installManyTop reading scoped package data from /Users/iszfan/Desktop/nodeHackRice/node_modules/body-parser/package.json
10 verbose installManyTop reading scoped package data from /Users/iszfan/Desktop/nodeHackRice/node_modules/express/package.json
11 verbose installManyTop reading scoped package data from /Users/iszfan/Desktop/nodeHackRice/node_modules/multer/package.json
12 verbose installManyTop reading scoped package data from /Users/iszfan/Desktop/nodeHackRice/node_modules/node-bing-api/package.json
13 verbose installManyTop reading scoped package data from /Users/iszfan/Desktop/nodeHackRice/node_modules/node-fs/package.json
14 verbose installManyTop reading scoped package data from /Users/iszfan/Desktop/nodeHackRice/node_modules/sys/package.json
15 info package.json sys@0.0.1 No repository field.
16 info package.json sys@0.0.1 license should be a valid SPDX license expression
17 info package.json node-fs@0.1.7 No license field.
18 verbose readDependencies loading dependencies from /Users/iszfan/Desktop/nodeHackRice/package.json
19 silly cache add args [ 'child_process', null ]
20 verbose cache add spec child_process
21 silly cache add parsed spec Result {
21 silly cache add   raw: 'child_process',
21 silly cache add   scope: null,
21 silly cache add   name: 'child_process',
21 silly cache add   rawSpec: '',
21 silly cache add   spec: '*',
21 silly cache add   type: 'range' }
22 silly addNamed child_process@*
23 verbose addNamed "*" is a valid semver range for child_process
24 silly addNameRange { name: 'child_process', range: '*', hasData: false }
25 silly mapToRegistry name child_process
26 silly mapToRegistry using default registry
27 silly mapToRegistry registry https://registry.npmjs.org/
28 silly mapToRegistry uri https://registry.npmjs.org/child_process
29 verbose addNameRange registry:https://registry.npmjs.org/child_process not in flight; fetching
30 verbose request uri https://registry.npmjs.org/child_process
31 verbose request no auth needed
32 info attempt registry request try #1 at 7:41:42 PM
33 verbose request id c28a5062e2dc1f88
34 http request GET https://registry.npmjs.org/child_process
35 http 404 https://registry.npmjs.org/child_process
36 verbose headers { 'content-type': 'application/json',
36 verbose headers   'cache-control': 'max-age=0',
36 verbose headers   'content-length': '2',
36 verbose headers   'accept-ranges': 'bytes',
36 verbose headers   date: 'Sun, 17 Jan 2016 01:41:43 GMT',
36 verbose headers   via: '1.1 varnish',
36 verbose headers   age: '0',
36 verbose headers   connection: 'keep-alive',
36 verbose headers   'x-served-by': 'cache-ord1720-ORD',
36 verbose headers   'x-cache': 'MISS',
36 verbose headers   'x-cache-hits': '0',
36 verbose headers   'x-timer': 'S1452994902.824133,VS0,VE259' }
37 silly get cb [ 404,
37 silly get   { 'content-type': 'application/json',
37 silly get     'cache-control': 'max-age=0',
37 silly get     'content-length': '2',
37 silly get     'accept-ranges': 'bytes',
37 silly get     date: 'Sun, 17 Jan 2016 01:41:43 GMT',
37 silly get     via: '1.1 varnish',
37 silly get     age: '0',
37 silly get     connection: 'keep-alive',
37 silly get     'x-served-by': 'cache-ord1720-ORD',
37 silly get     'x-cache': 'MISS',
37 silly get     'x-cache-hits': '0',
37 silly get     'x-timer': 'S1452994902.824133,VS0,VE259' } ]
38 verbose stack Error: Registry returned 404 for GET on https://registry.npmjs.org/child_process
38 verbose stack     at makeError (/usr/local/lib/node_modules/npm/node_modules/npm-registry-client/lib/request.js:263:12)
38 verbose stack     at CachingRegistryClient.<anonymous> (/usr/local/lib/node_modules/npm/node_modules/npm-registry-client/lib/request.js:241:14)
38 verbose stack     at Request._callback (/usr/local/lib/node_modules/npm/node_modules/npm-registry-client/lib/request.js:171:14)
38 verbose stack     at Request.self.callback (/usr/local/lib/node_modules/npm/node_modules/request/request.js:198:22)
38 verbose stack     at emitTwo (events.js:87:13)
38 verbose stack     at Request.emit (events.js:172:7)
38 verbose stack     at Request.<anonymous> (/usr/local/lib/node_modules/npm/node_modules/request/request.js:1073:14)
38 verbose stack     at emitOne (events.js:82:20)
38 verbose stack     at Request.emit (events.js:169:7)
38 verbose stack     at IncomingMessage.<anonymous> (/usr/local/lib/node_modules/npm/node_modules/request/request.js:1019:12)
39 verbose statusCode 404
40 verbose pkgid child_process
41 verbose cwd /Users/iszfan/Desktop/nodeHackRice
42 error Darwin 14.4.0
43 error argv "/usr/local/bin/node" "/usr/local/bin/npm" "install" "child_process" "--save"
44 error node v4.1.1
45 error npm  v2.14.4
46 error code E404
47 error 404 Registry returned 404 for GET on https://registry.npmjs.org/child_process
47 error 404
47 error 404 'child_process' is not in the npm registry.
47 error 404 Your package name is not valid, because
47 error 404
47 error 404  1. child_process is a core module name
47 error 404 It was specified as a dependency of 'nodehackrice'
47 error 404
47 error 404 Note that you can also install from a
47 error 404 tarball, folder, http url, or git url.
48 verbose exit [ 1, true ]
